INFO [2024-07-16 13:48:53] $x
INFO [2024-07-16 13:48:53] list(df %>% filter(breeding_progress == T) %>% .$BRISONr %>% 
INFO [2024-07-16 13:48:53]     unique(), df %>% filter(phaseI == T) %>% .$BRISONr %>% unique(), 
INFO [2024-07-16 13:48:53]     df %>% filter(phaseII == T) %>% .$BRISONr %>% unique())
INFO [2024-07-16 13:48:53] 
INFO [2024-07-16 13:48:53] $category.names
INFO [2024-07-16 13:48:53] c("breeding\nprogress", "PhaseI", "PhaseII")
INFO [2024-07-16 13:48:53] 
INFO [2024-07-16 13:48:53] $filename
INFO [2024-07-16 13:48:53] [1] "figure/culitvar_venn.png"
INFO [2024-07-16 13:48:53] 
INFO [2024-07-16 13:48:53] $output
INFO [2024-07-16 13:48:53] [1] TRUE
INFO [2024-07-16 13:48:53] 
INFO [2024-07-16 13:48:53] $imagetype
INFO [2024-07-16 13:48:53] [1] "png"
INFO [2024-07-16 13:48:53] 
INFO [2024-07-16 13:48:53] $height
INFO [2024-07-16 13:48:53] [1] 600
INFO [2024-07-16 13:48:53] 
INFO [2024-07-16 13:48:53] $width
INFO [2024-07-16 13:48:53] [1] 600
INFO [2024-07-16 13:48:53] 
INFO [2024-07-16 13:48:53] $resolution
INFO [2024-07-16 13:48:53] [1] 660
INFO [2024-07-16 13:48:53] 
INFO [2024-07-16 13:48:53] $compression
INFO [2024-07-16 13:48:53] [1] "lzw"
INFO [2024-07-16 13:48:53] 
INFO [2024-07-16 13:48:53] $lwd
INFO [2024-07-16 13:48:53] [1] 1
INFO [2024-07-16 13:48:53] 
INFO [2024-07-16 13:48:53] $col
INFO [2024-07-16 13:48:53] colr
INFO [2024-07-16 13:48:53] 
INFO [2024-07-16 13:48:53] $fill
INFO [2024-07-16 13:48:53] colra
INFO [2024-07-16 13:48:53] 
INFO [2024-07-16 13:48:53] $cex
INFO [2024-07-16 13:48:53] [1] 0.5
INFO [2024-07-16 13:48:53] 
INFO [2024-07-16 13:48:53] $fontfamily
INFO [2024-07-16 13:48:53] [1] "sans"
INFO [2024-07-16 13:48:53] 
INFO [2024-07-16 13:48:53] $cat.cex
INFO [2024-07-16 13:48:53] [1] 0.3
INFO [2024-07-16 13:48:53] 
INFO [2024-07-16 13:48:53] $cat.default.pos
INFO [2024-07-16 13:48:53] [1] "outer"
INFO [2024-07-16 13:48:53] 
INFO [2024-07-16 13:48:53] $cat.fontfamily
INFO [2024-07-16 13:48:53] [1] "sans"
INFO [2024-07-16 13:48:53] 
INFO [2024-07-16 13:48:53] $cat.col
INFO [2024-07-16 13:48:53] colr
INFO [2024-07-16 13:48:53] 
