INFO [2024-06-27 14:17:22] $x
INFO [2024-06-27 14:17:22] list(df %>% filter(breeding_progress == T) %>% .$BRISONr %>% 
INFO [2024-06-27 14:17:22]     unique(), df %>% filter(phaseI == T) %>% .$BRISONr %>% unique(), 
INFO [2024-06-27 14:17:22]     df %>% filter(phaseII == T) %>% .$BRISONr %>% unique())
INFO [2024-06-27 14:17:22] 
INFO [2024-06-27 14:17:22] $category.names
INFO [2024-06-27 14:17:22] c("breeding\nprogress", "PhaseI", "PhaseII")
INFO [2024-06-27 14:17:22] 
INFO [2024-06-27 14:17:22] $filename
INFO [2024-06-27 14:17:22] [1] "figure/culitvar_venn.png"
INFO [2024-06-27 14:17:22] 
INFO [2024-06-27 14:17:22] $output
INFO [2024-06-27 14:17:22] [1] TRUE
INFO [2024-06-27 14:17:22] 
INFO [2024-06-27 14:17:22] $imagetype
INFO [2024-06-27 14:17:22] [1] "png"
INFO [2024-06-27 14:17:22] 
INFO [2024-06-27 14:17:22] $height
INFO [2024-06-27 14:17:22] [1] 1200
INFO [2024-06-27 14:17:22] 
INFO [2024-06-27 14:17:22] $width
INFO [2024-06-27 14:17:22] [1] 1600
INFO [2024-06-27 14:17:22] 
INFO [2024-06-27 14:17:22] $resolution
INFO [2024-06-27 14:17:22] [1] 660
INFO [2024-06-27 14:17:22] 
INFO [2024-06-27 14:17:22] $compression
INFO [2024-06-27 14:17:22] [1] "lzw"
INFO [2024-06-27 14:17:22] 
INFO [2024-06-27 14:17:22] $lwd
INFO [2024-06-27 14:17:22] [1] 1
INFO [2024-06-27 14:17:22] 
INFO [2024-06-27 14:17:22] $col
INFO [2024-06-27 14:17:22] colr
INFO [2024-06-27 14:17:22] 
INFO [2024-06-27 14:17:22] $fill
INFO [2024-06-27 14:17:22] colra
INFO [2024-06-27 14:17:22] 
INFO [2024-06-27 14:17:22] $cex
INFO [2024-06-27 14:17:22] [1] 0.5
INFO [2024-06-27 14:17:22] 
INFO [2024-06-27 14:17:22] $fontfamily
INFO [2024-06-27 14:17:22] [1] "sans"
INFO [2024-06-27 14:17:22] 
INFO [2024-06-27 14:17:22] $cat.cex
INFO [2024-06-27 14:17:22] [1] 0.3
INFO [2024-06-27 14:17:22] 
INFO [2024-06-27 14:17:22] $cat.default.pos
INFO [2024-06-27 14:17:22] [1] "outer"
INFO [2024-06-27 14:17:22] 
INFO [2024-06-27 14:17:22] $cat.fontfamily
INFO [2024-06-27 14:17:22] [1] "sans"
INFO [2024-06-27 14:17:22] 
INFO [2024-06-27 14:17:22] $cat.col
INFO [2024-06-27 14:17:22] colr
INFO [2024-06-27 14:17:22] 
