INFO [2024-06-27 14:36:10] $x
INFO [2024-06-27 14:36:10] list(df %>% filter(breeding_progress == T) %>% .$BRISONr %>% 
INFO [2024-06-27 14:36:10]     unique(), df %>% filter(phaseI == T) %>% .$BRISONr %>% unique(), 
INFO [2024-06-27 14:36:10]     df %>% filter(phaseII == T) %>% .$BRISONr %>% unique())
INFO [2024-06-27 14:36:10] 
INFO [2024-06-27 14:36:10] $category.names
INFO [2024-06-27 14:36:10] c("breeding\nprogress", "PhaseI", "PhaseII")
INFO [2024-06-27 14:36:10] 
INFO [2024-06-27 14:36:10] $filename
INFO [2024-06-27 14:36:10] [1] "figure/culitvar_venn.png"
INFO [2024-06-27 14:36:10] 
INFO [2024-06-27 14:36:10] $output
INFO [2024-06-27 14:36:10] [1] TRUE
INFO [2024-06-27 14:36:10] 
INFO [2024-06-27 14:36:10] $imagetype
INFO [2024-06-27 14:36:10] [1] "png"
INFO [2024-06-27 14:36:10] 
INFO [2024-06-27 14:36:10] $height
INFO [2024-06-27 14:36:10] [1] 1200
INFO [2024-06-27 14:36:10] 
INFO [2024-06-27 14:36:10] $width
INFO [2024-06-27 14:36:10] [1] 1600
INFO [2024-06-27 14:36:10] 
INFO [2024-06-27 14:36:10] $resolution
INFO [2024-06-27 14:36:10] [1] 660
INFO [2024-06-27 14:36:10] 
INFO [2024-06-27 14:36:10] $compression
INFO [2024-06-27 14:36:10] [1] "lzw"
INFO [2024-06-27 14:36:10] 
INFO [2024-06-27 14:36:10] $lwd
INFO [2024-06-27 14:36:10] [1] 1
INFO [2024-06-27 14:36:10] 
INFO [2024-06-27 14:36:10] $col
INFO [2024-06-27 14:36:10] colr
INFO [2024-06-27 14:36:10] 
INFO [2024-06-27 14:36:10] $fill
INFO [2024-06-27 14:36:10] colra
INFO [2024-06-27 14:36:10] 
INFO [2024-06-27 14:36:10] $cex
INFO [2024-06-27 14:36:10] [1] 0.5
INFO [2024-06-27 14:36:10] 
INFO [2024-06-27 14:36:10] $fontfamily
INFO [2024-06-27 14:36:10] [1] "sans"
INFO [2024-06-27 14:36:10] 
INFO [2024-06-27 14:36:10] $cat.cex
INFO [2024-06-27 14:36:10] [1] 0.3
INFO [2024-06-27 14:36:10] 
INFO [2024-06-27 14:36:10] $cat.default.pos
INFO [2024-06-27 14:36:10] [1] "outer"
INFO [2024-06-27 14:36:10] 
INFO [2024-06-27 14:36:10] $cat.fontfamily
INFO [2024-06-27 14:36:10] [1] "sans"
INFO [2024-06-27 14:36:10] 
INFO [2024-06-27 14:36:10] $cat.col
INFO [2024-06-27 14:36:10] colr
INFO [2024-06-27 14:36:10] 
