INFO [2024-06-28 17:20:58] $x
INFO [2024-06-28 17:20:58] list(df %>% filter(breeding_progress == T) %>% .$BRISONr %>% 
INFO [2024-06-28 17:20:58]     unique(), df %>% filter(phaseI == T) %>% .$BRISONr %>% unique(), 
INFO [2024-06-28 17:20:58]     df %>% filter(phaseII == T) %>% .$BRISONr %>% unique())
INFO [2024-06-28 17:20:58] 
INFO [2024-06-28 17:20:58] $category.names
INFO [2024-06-28 17:20:58] c("breeding\nprogress", "PhaseI", "PhaseII")
INFO [2024-06-28 17:20:58] 
INFO [2024-06-28 17:20:58] $filename
INFO [2024-06-28 17:20:58] [1] "figure/culitvar_venn.png"
INFO [2024-06-28 17:20:58] 
INFO [2024-06-28 17:20:58] $output
INFO [2024-06-28 17:20:58] [1] TRUE
INFO [2024-06-28 17:20:58] 
INFO [2024-06-28 17:20:58] $imagetype
INFO [2024-06-28 17:20:58] [1] "png"
INFO [2024-06-28 17:20:58] 
INFO [2024-06-28 17:20:58] $height
INFO [2024-06-28 17:20:58] [1] 3200
INFO [2024-06-28 17:20:58] 
INFO [2024-06-28 17:20:58] $width
INFO [2024-06-28 17:20:58] [1] 3600
INFO [2024-06-28 17:20:58] 
INFO [2024-06-28 17:20:58] $resolution
INFO [2024-06-28 17:20:58] [1] 660
INFO [2024-06-28 17:20:58] 
INFO [2024-06-28 17:20:58] $compression
INFO [2024-06-28 17:20:58] [1] "lzw"
INFO [2024-06-28 17:20:58] 
INFO [2024-06-28 17:20:58] $lwd
INFO [2024-06-28 17:20:58] [1] 1
INFO [2024-06-28 17:20:58] 
INFO [2024-06-28 17:20:58] $col
INFO [2024-06-28 17:20:58] colr
INFO [2024-06-28 17:20:58] 
INFO [2024-06-28 17:20:58] $fill
INFO [2024-06-28 17:20:58] colra
INFO [2024-06-28 17:20:58] 
INFO [2024-06-28 17:20:58] $cex
INFO [2024-06-28 17:20:58] [1] 0.5
INFO [2024-06-28 17:20:58] 
INFO [2024-06-28 17:20:58] $fontfamily
INFO [2024-06-28 17:20:58] [1] "sans"
INFO [2024-06-28 17:20:58] 
INFO [2024-06-28 17:20:58] $cat.cex
INFO [2024-06-28 17:20:58] [1] 0.3
INFO [2024-06-28 17:20:58] 
INFO [2024-06-28 17:20:58] $cat.default.pos
INFO [2024-06-28 17:20:58] [1] "outer"
INFO [2024-06-28 17:20:58] 
INFO [2024-06-28 17:20:58] $cat.fontfamily
INFO [2024-06-28 17:20:58] [1] "sans"
INFO [2024-06-28 17:20:58] 
INFO [2024-06-28 17:20:58] $cat.col
INFO [2024-06-28 17:20:58] colr
INFO [2024-06-28 17:20:58] 
