INFO [2024-06-28 16:31:43] $x
INFO [2024-06-28 16:31:43] list(df %>% filter(breeding_progress == T) %>% .$BRISONr %>% 
INFO [2024-06-28 16:31:43]     unique(), df %>% filter(phaseI == T) %>% .$BRISONr %>% unique(), 
INFO [2024-06-28 16:31:43]     df %>% filter(phaseII == T) %>% .$BRISONr %>% unique())
INFO [2024-06-28 16:31:43] 
INFO [2024-06-28 16:31:43] $category.names
INFO [2024-06-28 16:31:43] c("breeding\nprogress", "PhaseI", "PhaseII")
INFO [2024-06-28 16:31:43] 
INFO [2024-06-28 16:31:43] $filename
INFO [2024-06-28 16:31:43] [1] "figure/culitvar_venn.png"
INFO [2024-06-28 16:31:43] 
INFO [2024-06-28 16:31:43] $output
INFO [2024-06-28 16:31:43] [1] TRUE
INFO [2024-06-28 16:31:43] 
INFO [2024-06-28 16:31:43] $imagetype
INFO [2024-06-28 16:31:43] [1] "png"
INFO [2024-06-28 16:31:43] 
INFO [2024-06-28 16:31:43] $height
INFO [2024-06-28 16:31:43] [1] 3200
INFO [2024-06-28 16:31:43] 
INFO [2024-06-28 16:31:43] $width
INFO [2024-06-28 16:31:43] [1] 3600
INFO [2024-06-28 16:31:43] 
INFO [2024-06-28 16:31:43] $resolution
INFO [2024-06-28 16:31:43] [1] 660
INFO [2024-06-28 16:31:43] 
INFO [2024-06-28 16:31:43] $compression
INFO [2024-06-28 16:31:43] [1] "lzw"
INFO [2024-06-28 16:31:43] 
INFO [2024-06-28 16:31:43] $lwd
INFO [2024-06-28 16:31:43] [1] 1
INFO [2024-06-28 16:31:43] 
INFO [2024-06-28 16:31:43] $col
INFO [2024-06-28 16:31:43] colr
INFO [2024-06-28 16:31:43] 
INFO [2024-06-28 16:31:43] $fill
INFO [2024-06-28 16:31:43] colra
INFO [2024-06-28 16:31:43] 
INFO [2024-06-28 16:31:43] $cex
INFO [2024-06-28 16:31:43] [1] 0.5
INFO [2024-06-28 16:31:43] 
INFO [2024-06-28 16:31:43] $fontfamily
INFO [2024-06-28 16:31:43] [1] "sans"
INFO [2024-06-28 16:31:43] 
INFO [2024-06-28 16:31:43] $cat.cex
INFO [2024-06-28 16:31:43] [1] 0.3
INFO [2024-06-28 16:31:43] 
INFO [2024-06-28 16:31:43] $cat.default.pos
INFO [2024-06-28 16:31:43] [1] "outer"
INFO [2024-06-28 16:31:43] 
INFO [2024-06-28 16:31:43] $cat.fontfamily
INFO [2024-06-28 16:31:43] [1] "sans"
INFO [2024-06-28 16:31:43] 
INFO [2024-06-28 16:31:43] $cat.col
INFO [2024-06-28 16:31:43] colr
INFO [2024-06-28 16:31:43] 
