INFO [2024-11-27 11:36:05] $x
INFO [2024-11-27 11:36:05] list(df %>% filter(breeding_progress == T) %>% .$BRISONr %>% 
INFO [2024-11-27 11:36:05]     unique(), df %>% filter(phaseI == T) %>% .$BRISONr %>% unique(), 
INFO [2024-11-27 11:36:05]     df %>% filter(phaseII == T) %>% .$BRISONr %>% unique())
INFO [2024-11-27 11:36:05] 
INFO [2024-11-27 11:36:05] $category.names
INFO [2024-11-27 11:36:05] c("breeding\nprogress", "PhaseI", "PhaseII")
INFO [2024-11-27 11:36:05] 
INFO [2024-11-27 11:36:05] $filename
INFO [2024-11-27 11:36:05] [1] "figure/culitvar_venn.png"
INFO [2024-11-27 11:36:05] 
INFO [2024-11-27 11:36:05] $output
INFO [2024-11-27 11:36:05] [1] TRUE
INFO [2024-11-27 11:36:05] 
INFO [2024-11-27 11:36:05] $imagetype
INFO [2024-11-27 11:36:05] [1] "png"
INFO [2024-11-27 11:36:05] 
INFO [2024-11-27 11:36:05] $height
INFO [2024-11-27 11:36:05] [1] 600
INFO [2024-11-27 11:36:05] 
INFO [2024-11-27 11:36:05] $width
INFO [2024-11-27 11:36:05] [1] 600
INFO [2024-11-27 11:36:05] 
INFO [2024-11-27 11:36:05] $resolution
INFO [2024-11-27 11:36:05] [1] 660
INFO [2024-11-27 11:36:05] 
INFO [2024-11-27 11:36:05] $compression
INFO [2024-11-27 11:36:05] [1] "lzw"
INFO [2024-11-27 11:36:05] 
INFO [2024-11-27 11:36:05] $lwd
INFO [2024-11-27 11:36:05] [1] 1
INFO [2024-11-27 11:36:05] 
INFO [2024-11-27 11:36:05] $col
INFO [2024-11-27 11:36:05] colr
INFO [2024-11-27 11:36:05] 
INFO [2024-11-27 11:36:05] $fill
INFO [2024-11-27 11:36:05] colra
INFO [2024-11-27 11:36:05] 
INFO [2024-11-27 11:36:05] $cex
INFO [2024-11-27 11:36:05] [1] 0.5
INFO [2024-11-27 11:36:05] 
INFO [2024-11-27 11:36:05] $fontfamily
INFO [2024-11-27 11:36:05] [1] "sans"
INFO [2024-11-27 11:36:05] 
INFO [2024-11-27 11:36:05] $cat.cex
INFO [2024-11-27 11:36:05] [1] 0.3
INFO [2024-11-27 11:36:05] 
INFO [2024-11-27 11:36:05] $cat.default.pos
INFO [2024-11-27 11:36:05] [1] "outer"
INFO [2024-11-27 11:36:05] 
INFO [2024-11-27 11:36:05] $cat.fontfamily
INFO [2024-11-27 11:36:05] [1] "sans"
INFO [2024-11-27 11:36:05] 
INFO [2024-11-27 11:36:05] $cat.col
INFO [2024-11-27 11:36:05] colr
INFO [2024-11-27 11:36:05] 
