INFO [2024-07-04 10:54:56] $x
INFO [2024-07-04 10:54:56] list(df %>% filter(breeding_progress == T) %>% .$BRISONr %>% 
INFO [2024-07-04 10:54:56]     unique(), df %>% filter(phaseI == T) %>% .$BRISONr %>% unique(), 
INFO [2024-07-04 10:54:56]     df %>% filter(phaseII == T) %>% .$BRISONr %>% unique())
INFO [2024-07-04 10:54:56] 
INFO [2024-07-04 10:54:56] $category.names
INFO [2024-07-04 10:54:56] c("breeding\nprogress", "PhaseI", "PhaseII")
INFO [2024-07-04 10:54:56] 
INFO [2024-07-04 10:54:56] $filename
INFO [2024-07-04 10:54:56] [1] "figure/culitvar_venn.png"
INFO [2024-07-04 10:54:56] 
INFO [2024-07-04 10:54:56] $output
INFO [2024-07-04 10:54:56] [1] TRUE
INFO [2024-07-04 10:54:56] 
INFO [2024-07-04 10:54:56] $imagetype
INFO [2024-07-04 10:54:56] [1] "png"
INFO [2024-07-04 10:54:56] 
INFO [2024-07-04 10:54:56] $height
INFO [2024-07-04 10:54:56] [1] 600
INFO [2024-07-04 10:54:56] 
INFO [2024-07-04 10:54:56] $width
INFO [2024-07-04 10:54:56] [1] 600
INFO [2024-07-04 10:54:56] 
INFO [2024-07-04 10:54:56] $resolution
INFO [2024-07-04 10:54:56] [1] 660
INFO [2024-07-04 10:54:56] 
INFO [2024-07-04 10:54:56] $compression
INFO [2024-07-04 10:54:56] [1] "lzw"
INFO [2024-07-04 10:54:56] 
INFO [2024-07-04 10:54:56] $lwd
INFO [2024-07-04 10:54:56] [1] 1
INFO [2024-07-04 10:54:56] 
INFO [2024-07-04 10:54:56] $col
INFO [2024-07-04 10:54:56] colr
INFO [2024-07-04 10:54:56] 
INFO [2024-07-04 10:54:56] $fill
INFO [2024-07-04 10:54:56] colra
INFO [2024-07-04 10:54:56] 
INFO [2024-07-04 10:54:56] $cex
INFO [2024-07-04 10:54:56] [1] 0.5
INFO [2024-07-04 10:54:56] 
INFO [2024-07-04 10:54:56] $fontfamily
INFO [2024-07-04 10:54:56] [1] "sans"
INFO [2024-07-04 10:54:56] 
INFO [2024-07-04 10:54:56] $cat.cex
INFO [2024-07-04 10:54:56] [1] 0.3
INFO [2024-07-04 10:54:56] 
INFO [2024-07-04 10:54:56] $cat.default.pos
INFO [2024-07-04 10:54:56] [1] "outer"
INFO [2024-07-04 10:54:56] 
INFO [2024-07-04 10:54:56] $cat.fontfamily
INFO [2024-07-04 10:54:56] [1] "sans"
INFO [2024-07-04 10:54:56] 
INFO [2024-07-04 10:54:56] $cat.col
INFO [2024-07-04 10:54:56] colr
INFO [2024-07-04 10:54:56] 
