INFO [2024-06-17 17:16:16] $x
INFO [2024-06-17 17:16:16] list(df %>% filter(breeding_progress == T) %>% .$BRISONr %>% 
INFO [2024-06-17 17:16:16]     unique(), df %>% filter(phaseI == T) %>% .$BRISONr %>% unique(), 
INFO [2024-06-17 17:16:16]     df %>% filter(phaseII == T) %>% .$BRISONr %>% unique())
INFO [2024-06-17 17:16:16] 
INFO [2024-06-17 17:16:16] $category.names
INFO [2024-06-17 17:16:16] c("breeding\nprogress", "PhaseI", "PhaseII")
INFO [2024-06-17 17:16:16] 
INFO [2024-06-17 17:16:16] $filename
INFO [2024-06-17 17:16:16] [1] "figure/culitvar_venn.png"
INFO [2024-06-17 17:16:16] 
INFO [2024-06-17 17:16:16] $output
INFO [2024-06-17 17:16:16] [1] TRUE
INFO [2024-06-17 17:16:16] 
INFO [2024-06-17 17:16:16] $imagetype
INFO [2024-06-17 17:16:16] [1] "png"
INFO [2024-06-17 17:16:16] 
INFO [2024-06-17 17:16:16] $height
INFO [2024-06-17 17:16:16] [1] 480
INFO [2024-06-17 17:16:16] 
INFO [2024-06-17 17:16:16] $width
INFO [2024-06-17 17:16:16] [1] 520
INFO [2024-06-17 17:16:16] 
INFO [2024-06-17 17:16:16] $resolution
INFO [2024-06-17 17:16:16] [1] 300
INFO [2024-06-17 17:16:16] 
INFO [2024-06-17 17:16:16] $compression
INFO [2024-06-17 17:16:16] [1] "lzw"
INFO [2024-06-17 17:16:16] 
INFO [2024-06-17 17:16:16] $lwd
INFO [2024-06-17 17:16:16] [1] 1
INFO [2024-06-17 17:16:16] 
INFO [2024-06-17 17:16:16] $col
INFO [2024-06-17 17:16:16] colr
INFO [2024-06-17 17:16:16] 
INFO [2024-06-17 17:16:16] $fill
INFO [2024-06-17 17:16:16] colra
INFO [2024-06-17 17:16:16] 
INFO [2024-06-17 17:16:16] $cex
INFO [2024-06-17 17:16:16] [1] 0.5
INFO [2024-06-17 17:16:16] 
INFO [2024-06-17 17:16:16] $fontfamily
INFO [2024-06-17 17:16:16] [1] "sans"
INFO [2024-06-17 17:16:16] 
INFO [2024-06-17 17:16:16] $cat.cex
INFO [2024-06-17 17:16:16] [1] 0.3
INFO [2024-06-17 17:16:16] 
INFO [2024-06-17 17:16:16] $cat.default.pos
INFO [2024-06-17 17:16:16] [1] "outer"
INFO [2024-06-17 17:16:16] 
INFO [2024-06-17 17:16:16] $cat.fontfamily
INFO [2024-06-17 17:16:16] [1] "sans"
INFO [2024-06-17 17:16:16] 
INFO [2024-06-17 17:16:16] $cat.col
INFO [2024-06-17 17:16:16] colr
INFO [2024-06-17 17:16:16] 
