INFO [2024-06-27 14:34:08] $x
INFO [2024-06-27 14:34:08] list(df %>% filter(breeding_progress == T) %>% .$BRISONr %>% 
INFO [2024-06-27 14:34:08]     unique(), df %>% filter(phaseI == T) %>% .$BRISONr %>% unique(), 
INFO [2024-06-27 14:34:08]     df %>% filter(phaseII == T) %>% .$BRISONr %>% unique())
INFO [2024-06-27 14:34:08] 
INFO [2024-06-27 14:34:08] $category.names
INFO [2024-06-27 14:34:08] c("breeding\nprogress", "PhaseI", "PhaseII")
INFO [2024-06-27 14:34:08] 
INFO [2024-06-27 14:34:08] $filename
INFO [2024-06-27 14:34:08] [1] "figure/culitvar_venn.png"
INFO [2024-06-27 14:34:08] 
INFO [2024-06-27 14:34:08] $output
INFO [2024-06-27 14:34:08] [1] TRUE
INFO [2024-06-27 14:34:08] 
INFO [2024-06-27 14:34:08] $imagetype
INFO [2024-06-27 14:34:08] [1] "png"
INFO [2024-06-27 14:34:08] 
INFO [2024-06-27 14:34:08] $height
INFO [2024-06-27 14:34:08] [1] 1200
INFO [2024-06-27 14:34:08] 
INFO [2024-06-27 14:34:08] $width
INFO [2024-06-27 14:34:08] [1] 1600
INFO [2024-06-27 14:34:08] 
INFO [2024-06-27 14:34:08] $resolution
INFO [2024-06-27 14:34:08] [1] 660
INFO [2024-06-27 14:34:08] 
INFO [2024-06-27 14:34:08] $compression
INFO [2024-06-27 14:34:08] [1] "lzw"
INFO [2024-06-27 14:34:08] 
INFO [2024-06-27 14:34:08] $lwd
INFO [2024-06-27 14:34:08] [1] 1
INFO [2024-06-27 14:34:08] 
INFO [2024-06-27 14:34:08] $col
INFO [2024-06-27 14:34:08] colr
INFO [2024-06-27 14:34:08] 
INFO [2024-06-27 14:34:08] $fill
INFO [2024-06-27 14:34:08] colra
INFO [2024-06-27 14:34:08] 
INFO [2024-06-27 14:34:08] $cex
INFO [2024-06-27 14:34:08] [1] 0.5
INFO [2024-06-27 14:34:08] 
INFO [2024-06-27 14:34:08] $fontfamily
INFO [2024-06-27 14:34:08] [1] "sans"
INFO [2024-06-27 14:34:08] 
INFO [2024-06-27 14:34:08] $cat.cex
INFO [2024-06-27 14:34:08] [1] 0.3
INFO [2024-06-27 14:34:08] 
INFO [2024-06-27 14:34:08] $cat.default.pos
INFO [2024-06-27 14:34:08] [1] "outer"
INFO [2024-06-27 14:34:08] 
INFO [2024-06-27 14:34:08] $cat.fontfamily
INFO [2024-06-27 14:34:08] [1] "sans"
INFO [2024-06-27 14:34:08] 
INFO [2024-06-27 14:34:08] $cat.col
INFO [2024-06-27 14:34:08] colr
INFO [2024-06-27 14:34:08] 
